<?xml version="1.0" encoding="UTF-8"?>
<testsuite name="com.ecomm.rewards.controller.RewardControllerTests" tests="2" skipped="0" failures="0" errors="0" timestamp="2022-11-21T05:14:51" hostname="Adarshs-MacBook-Air.local" time="0.055">
  <properties/>
  <testcase name="givenCustomerID_whenFound_thenReturnRewardPoints()" classname="com.ecomm.rewards.controller.RewardControllerTests" time="0.053"/>
  <testcase name="givenCustomerID_whenNotFound_thenReturnException()" classname="com.ecomm.rewards.controller.RewardControllerTests" time="0.001"/>
  <system-out><![CDATA[]]></system-out>
  <system-err><![CDATA[]]></system-err>
</testsuite>
