<?xml version="1.0" encoding="UTF-8"?>
<testsuite name="com.ecomm.rewards.RewardsApplicationTests" tests="1" skipped="0" failures="0" errors="0" timestamp="2022-11-21T05:14:51" hostname="Adarshs-MacBook-Air.local" time="0.062">
  <properties/>
  <testcase name="contextLoads()" classname="com.ecomm.rewards.RewardsApplicationTests" time="0.062"/>
  <system-out><![CDATA[10:44:49.368 [Test worker] DEBUG org.springframework.test.context.BootstrapUtils - Instantiating CacheAwareContextLoaderDelegate from class [org.springframework.test.context.cache.DefaultCacheAwareContextLoaderDelegate]
10:44:49.372 [Test worker] DEBUG org.springframework.test.context.BootstrapUtils - Instantiating BootstrapContext using constructor [public org.springframework.test.context.support.DefaultBootstrapContext(java.lang.Class,org.springframework.test.context.CacheAwareContextLoaderDelegate)]
10:44:49.384 [Test worker] DEBUG org.springframework.test.context.BootstrapUtils - Instantiating TestContextBootstrapper for test class [com.ecomm.rewards.RewardsApplicationTests] from class [org.springframework.boot.test.context.SpringBootTestContextBootstrapper]
10:44:49.389 [Test worker] INFO org.springframework.boot.test.context.SpringBootTestContextBootstrapper - Neither @ContextConfiguration nor @ContextHierarchy found for test class [com.ecomm.rewards.RewardsApplicationTests], using SpringBootContextLoader
10:44:49.390 [Test worker] DEBUG org.springframework.test.context.support.AbstractContextLoader - Did not detect default resource location for test class [com.ecomm.rewards.RewardsApplicationTests]: class path resource [com/ecomm/rewards/RewardsApplicationTests-context.xml] does not exist
10:44:49.390 [Test worker] DEBUG org.springframework.test.context.support.AbstractContextLoader - Did not detect default resource location for test class [com.ecomm.rewards.RewardsApplicationTests]: class path resource [com/ecomm/rewards/RewardsApplicationTestsContext.groovy] does not exist
10:44:49.390 [Test worker] INFO org.springframework.test.context.support.AbstractContextLoader - Could not detect default resource locations for test class [com.ecomm.rewards.RewardsApplicationTests]: no resource found for suffixes {-context.xml, Context.groovy}.
10:44:49.390 [Test worker] INFO org.springframework.test.context.support.AnnotationConfigContextLoaderUtils - Could not detect default configuration classes for test class [com.ecomm.rewards.RewardsApplicationTests]: RewardsApplicationTests does not declare any static, non-private, non-final, nested classes annotated with @Configuration.
10:44:49.405 [Test worker] DEBUG org.springframework.test.context.support.ActiveProfilesUtils - Could not find an 'annotation declaring class' for annotation type [org.springframework.test.context.ActiveProfiles] and class [com.ecomm.rewards.RewardsApplicationTests]
10:44:49.428 [Test worker] DEBUG org.springframework.context.annotation.ClassPathScanningCandidateComponentProvider - Identified candidate component class: file [/Users/adarshsrivastava/Desktop/code/rewards/build/classes/java/main/com/ecomm/rewards/RewardsApplication.class]
10:44:49.428 [Test worker] INFO org.springframework.boot.test.context.SpringBootTestContextBootstrapper - Found @SpringBootConfiguration com.ecomm.rewards.RewardsApplication for test class com.ecomm.rewards.RewardsApplicationTests
10:44:49.464 [Test worker] DEBUG org.springframework.boot.test.context.SpringBootTestContextBootstrapper - @TestExecutionListeners is not present for class [com.ecomm.rewards.RewardsApplicationTests]: using defaults.
10:44:49.465 [Test worker] INFO org.springframework.boot.test.context.SpringBootTestContextBootstrapper - Loaded default TestExecutionListener class names from location [META-INF/spring.factories]: [org.springframework.boot.test.autoconfigure.restdocs.RestDocsTestExecutionListener, org.springframework.boot.test.autoconfigure.web.client.MockRestServiceServerResetTestExecutionListener, org.springframework.boot.test.autoconfigure.web.servlet.MockMvcPrintOnlyOnFailureTestExecutionListener, org.springframework.boot.test.autoconfigure.web.servlet.WebDriverTestExecutionListener, org.springframework.boot.test.autoconfigure.webservices.client.MockWebServiceServerTestExecutionListener, org.springframework.boot.test.mock.mockito.MockitoTestExecutionListener, org.springframework.boot.test.mock.mockito.ResetMocksTestExecutionListener, org.springframework.test.context.web.ServletTestExecutionListener, org.springframework.test.context.support.DirtiesContextBeforeModesTestExecutionListener, org.springframework.test.context.event.ApplicationEventsTestExecutionListener, org.springframework.test.context.support.DependencyInjectionTestExecutionListener, org.springframework.test.context.support.DirtiesContextTestExecutionListener, org.springframework.test.context.transaction.TransactionalTestExecutionListener, org.springframework.test.context.jdbc.SqlScriptsTestExecutionListener, org.springframework.test.context.event.EventPublishingTestExecutionListener]
10:44:49.471 [Test worker] INFO org.springframework.boot.test.context.SpringBootTestContextBootstrapper - Using TestExecutionListeners: [org.springframework.test.context.web.ServletTestExecutionListener@4cc6fa2a, org.springframework.test.context.support.DirtiesContextBeforeModesTestExecutionListener@40f1be1b, org.springframework.test.context.event.ApplicationEventsTestExecutionListener@7a791b66, org.springframework.boot.test.mock.mockito.MockitoTestExecutionListener@6f2cb653, org.springframework.boot.test.autoconfigure.SpringBootDependencyInjectionTestExecutionListener@14c01636, org.springframework.test.context.support.DirtiesContextTestExecutionListener@590c73d3, org.springframework.test.context.transaction.TransactionalTestExecutionListener@6b9ce1bf, org.springframework.test.context.jdbc.SqlScriptsTestExecutionListener@61884cb1, org.springframework.test.context.event.EventPublishingTestExecutionListener@75ed9710, org.springframework.boot.test.autoconfigure.restdocs.RestDocsTestExecutionListener@4fc5e095, org.springframework.boot.test.autoconfigure.web.client.MockRestServiceServerResetTestExecutionListener@435871cb, org.springframework.boot.test.autoconfigure.web.servlet.MockMvcPrintOnlyOnFailureTestExecutionListener@609640d5, org.springframework.boot.test.autoconfigure.web.servlet.WebDriverTestExecutionListener@79da1ec0, org.springframework.boot.test.autoconfigure.webservices.client.MockWebServiceServerTestExecutionListener@19fb8826, org.springframework.boot.test.mock.mockito.ResetMocksTestExecutionListener@192d74fb]
10:44:49.472 [Test worker] DEBUG org.springframework.test.context.support.AbstractDirtiesContextTestExecutionListener - Before test class: context [DefaultTestContext@1d8062d2 testClass = RewardsApplicationTests, testInstance = [null], testMethod = [null], testException = [null], mergedContextConfiguration = [WebMergedContextConfiguration@1e63ec0b testClass = RewardsApplicationTests, locations = '{}', classes = '{class com.ecomm.rewards.RewardsApplication}', contextInitializerClasses = '[]', activeProfiles = '{}', propertySourceLocations = '{}', propertySourceProperties = '{org.springframework.boot.test.context.SpringBootTestContextBootstrapper=true}', contextCustomizers = set[org.springframework.boot.test.autoconfigure.actuate.metrics.MetricsExportContextCustomizerFactory$DisableMetricExportContextCustomizer@600b9d27, org.springframework.boot.test.autoconfigure.properties.PropertyMappingContextCustomizer@0, org.springframework.boot.test.autoconfigure.web.servlet.WebDriverContextCustomizerFactory$Customizer@1efe439d, org.springframework.boot.test.context.filter.ExcludeFilterContextCustomizer@413f69cc, org.springframework.boot.test.json.DuplicateJsonObjectContextCustomizerFactory$DuplicateJsonObjectContextCustomizer@39ac0c0a, org.springframework.boot.test.mock.mockito.MockitoContextCustomizer@0, org.springframework.boot.test.web.client.TestRestTemplateContextCustomizer@338c99c8, org.springframework.boot.test.context.SpringBootTestArgs@1, org.springframework.boot.test.context.SpringBootTestWebEnvironment@5aebe890], resourceBasePath = 'src/main/webapp', contextLoader = 'org.springframework.boot.test.context.SpringBootContextLoader', parent = [null]], attributes = map['org.springframework.test.context.web.ServletTestExecutionListener.activateListener' -> true]], class annotated with @DirtiesContext [false] with mode [null].

  .   ____          _            __ _ _
 /\\ / ___'_ __ _ _(_)_ __  __ _ \ \ \ \
( ( )\___ | '_ | '_| | '_ \/ _` | \ \ \ \
 \\/  ___)| |_)| | | | | || (_| |  ) ) ) )
  '  |____| .__|_| |_|_| |_\__, | / / / /
 =========|_|==============|___/=/_/_/_/
 :: Spring Boot ::                (v2.7.5)

2022-11-21 10:44:49.719  INFO 11334 --- [    Test worker] c.ecomm.rewards.RewardsApplicationTests  : Starting RewardsApplicationTests using Java 17.0.2 on Adarshs-MacBook-Air.local with PID 11334 (started by adarshsrivastava in /Users/adarshsrivastava/Desktop/code/rewards)
2022-11-21 10:44:49.720  INFO 11334 --- [    Test worker] c.ecomm.rewards.RewardsApplicationTests  : No active profile set, falling back to 1 default profile: "default"
2022-11-21 10:44:49.947  INFO 11334 --- [    Test worker] .s.d.r.c.RepositoryConfigurationDelegate : Bootstrapping Spring Data JPA repositories in DEFAULT mode.
2022-11-21 10:44:49.968  INFO 11334 --- [    Test worker] .s.d.r.c.RepositoryConfigurationDelegate : Finished Spring Data repository scanning in 18 ms. Found 3 JPA repository interfaces.
2022-11-21 10:44:50.182  INFO 11334 --- [    Test worker] o.hibernate.jpa.internal.util.LogHelper  : HHH000204: Processing PersistenceUnitInfo [name: default]
2022-11-21 10:44:50.201  INFO 11334 --- [    Test worker] org.hibernate.Version                    : HHH000412: Hibernate ORM core version 5.6.12.Final
2022-11-21 10:44:50.262  INFO 11334 --- [    Test worker] o.hibernate.annotations.common.Version   : HCANN000001: Hibernate Commons Annotations {5.1.2.Final}
2022-11-21 10:44:50.306  INFO 11334 --- [    Test worker] com.zaxxer.hikari.HikariDataSource       : HikariPool-1 - Starting...
2022-11-21 10:44:50.385  INFO 11334 --- [    Test worker] com.zaxxer.hikari.HikariDataSource       : HikariPool-1 - Start completed.
2022-11-21 10:44:50.392  INFO 11334 --- [    Test worker] org.hibernate.dialect.Dialect            : HHH000400: Using dialect: org.hibernate.dialect.H2Dialect
Hibernate: drop table if exists tbl_customer CASCADE 
Hibernate: drop table if exists tbl_order CASCADE 
Hibernate: drop table if exists tbl_product CASCADE 
Hibernate: drop table if exists tbl_reward_point_config CASCADE 
Hibernate: drop sequence if exists hibernate_sequence
Hibernate: create sequence hibernate_sequence start with 1 increment by 1
Hibernate: create table tbl_customer (id integer not null, created_by integer, created_on timestamp, is_active boolean, last_modified_by integer, last_modified_on timestamp, email_id varchar(255), first_name varchar(255), last_name varchar(255), mobile_no bigint, primary key (id))
Hibernate: create table tbl_order (id integer generated by default as identity, created_by integer, created_on timestamp, is_active boolean, last_modified_by integer, last_modified_on timestamp, amount double, order_id varchar(255), quantity integer, customer_id integer, product_id integer, primary key (id))
Hibernate: create table tbl_product (id integer generated by default as identity, created_by integer, created_on timestamp, is_active boolean, last_modified_by integer, last_modified_on timestamp, price double, product_code varchar(255), product_name varchar(255), primary key (id))
Hibernate: create table tbl_reward_point_config (id integer generated by default as identity, base_amount double, point integer, primary key (id))
Hibernate: alter table tbl_order add constraint FKdbbvj4affcu7x13tjn0a12htw foreign key (customer_id) references tbl_customer
Hibernate: alter table tbl_order add constraint FKne9alrx6y8qwnlrvp8e490huh foreign key (product_id) references tbl_product
2022-11-21 10:44:50.647  INFO 11334 --- [    Test worker] o.h.e.t.j.p.i.JtaPlatformInitiator       : HHH000490: Using JtaPlatform implementation: [org.hibernate.engine.transaction.jta.platform.internal.NoJtaPlatform]
2022-11-21 10:44:50.650  INFO 11334 --- [    Test worker] j.LocalContainerEntityManagerFactoryBean : Initialized JPA EntityManagerFactory for persistence unit 'default'
2022-11-21 10:44:50.897  WARN 11334 --- [    Test worker] JpaBaseConfiguration$JpaWebConfiguration : spring.jpa.open-in-view is enabled by default. Therefore, database queries may be performed during view rendering. Explicitly configure spring.jpa.open-in-view to disable this warning
2022-11-21 10:44:51.111  INFO 11334 --- [    Test worker] c.ecomm.rewards.RewardsApplicationTests  : Started RewardsApplicationTests in 1.624 seconds (JVM running for 2.046)
]]></system-out>
  <system-err><![CDATA[]]></system-err>
</testsuite>
